<?xml version="1.0" encoding="UTF-8"?>
<testsuite xmlns:xsi="http://www.w3.org/2001/XMLSchema-instance" xsi:noNamespaceSchemaLocation="https://maven.apache.org/surefire/maven-surefire-plugin/xsd/surefire-test-report.xsd" name="com.sabre.mapper.SetOfWordsToLetterMapperTest" time="0.151" tests="8" errors="0" skipped="0" failures="0">
  <properties>
[...]
</properties>
  <testcase name="mapShouldContainAllGivenLettersTest{String}[1]" classname="com.sabre.mapper.SetOfWordsToLetterMapperTest" time="0.05"/>
  <testcase name="mapShouldContainAllGivenLettersTest{String}[2]" classname="com.sabre.mapper.SetOfWordsToLetterMapperTest" time="0.001"/>
  <testcase name="mapShouldContainAllGivenLettersTest{String}[3]" classname="com.sabre.mapper.SetOfWordsToLetterMapperTest" time="0.005"/>
  <testcase name="mapShouldContainAllGivenLettersTest{String}[4]" classname="com.sabre.mapper.SetOfWordsToLetterMapperTest" time="0.002"/>
  <testcase name="nullArgumentTest" classname="com.sabre.mapper.SetOfWordsToLetterMapperTest" time="0.008"/>
  <testcase name="anyElementInMapTest{String}[1]" classname="com.sabre.mapper.SetOfWordsToLetterMapperTest" time="0.005"/>
  <testcase name="punctuationAvoidingTest{String}[1]" classname="com.sabre.mapper.SetOfWordsToLetterMapperTest" time="0.016"/>
  <testcase name="polishWordsCompliancyTest{String}[1]" classname="com.sabre.mapper.SetOfWordsToLetterMapperTest" time="0.003"/>
</testsuite>